完整构建项目...
mkdir -p /root/workspace/oscomp-reb/build
cd /root/workspace/oscomp-reb/build && cmake .. && make
-- Configuring third-party libraries
-- Configuring done (0.0s)
-- Generating done (0.0s)
-- Build files have been written to: /root/workspace/oscomp-reb/build
make[1]: Entering directory '/root/workspace/oscomp-reb/build'
make[2]: Entering directory '/root/workspace/oscomp-reb/build'
make[3]: Entering directory '/root/workspace/oscomp-reb/build'
make[3]: Leaving directory '/root/workspace/oscomp-reb/build'
[  9%] Built target musl_build
make[3]: Entering directory '/root/workspace/oscomp-reb/build'
make[3]: Leaving directory '/root/workspace/oscomp-reb/build'
[ 10%] Built target lwext4
make[3]: Entering directory '/root/workspace/oscomp-reb/build'
make[3]: Leaving directory '/root/workspace/oscomp-reb/build'
make[3]: Entering directory '/root/workspace/oscomp-reb/build'
[ 12%] Building C object kernel/CMakeFiles/kernel.elf.dir/arch/riscv/dtb.c.o
[ 13%] Building C object kernel/CMakeFiles/kernel.elf.dir/device/block_device.c.o
[ 14%] Building C object kernel/CMakeFiles/kernel.elf.dir/device/buffer_head.c.o
[ 15%] Building C object kernel/CMakeFiles/kernel.elf.dir/device/dev_interface.c.o
[ 16%] Building C object kernel/CMakeFiles/kernel.elf.dir/device/device.c.o
[ 18%] Building C object kernel/CMakeFiles/kernel.elf.dir/device/ramdisk.c.o
[ 19%] Building C object kernel/CMakeFiles/kernel.elf.dir/drivers/console.c.o
[ 20%] Building C object kernel/CMakeFiles/kernel.elf.dir/drivers/fdt.c.o
[ 21%] Building C object kernel/CMakeFiles/kernel.elf.dir/elf/elf.c.o
[ 22%] Building C object kernel/CMakeFiles/kernel.elf.dir/fs/ext4/ext4_blockdev.c.o
[ 24%] Building C object kernel/CMakeFiles/kernel.elf.dir/fs/ext4/ext4_file.c.o
[ 25%] Building C object kernel/CMakeFiles/kernel.elf.dir/fs/ext4/ext4_fs.c.o
[ 26%] Building C object kernel/CMakeFiles/kernel.elf.dir/fs/ext4/ext4_helper.c.o
[ 27%] Building C object kernel/CMakeFiles/kernel.elf.dir/fs/ext4/ext4_inode.c.o
[ 27%] Building C object kernel/CMakeFiles/kernel.elf.dir/fs/ext4/ext4_superblock.c.o
[ 28%] Building C object kernel/CMakeFiles/kernel.elf.dir/fs/ramfs.c.o
[ 30%] Building C object kernel/CMakeFiles/kernel.elf.dir/fs/vfs/address_space.c.o
[ 31%] Building C object kernel/CMakeFiles/kernel.elf.dir/fs/vfs/dentry.c.o
[ 32%] Building C object kernel/CMakeFiles/kernel.elf.dir/fs/vfs/fdtable.c.o
[ 33%] Building C object kernel/CMakeFiles/kernel.elf.dir/fs/vfs/file.c.o
[ 34%] Building C object kernel/CMakeFiles/kernel.elf.dir/fs/vfs/fs_struct.c.o
[ 36%] Building C object kernel/CMakeFiles/kernel.elf.dir/fs/vfs/fstype.c.o
[ 37%] Building C object kernel/CMakeFiles/kernel.elf.dir/fs/vfs/icache.c.o
[ 38%] Building C object kernel/CMakeFiles/kernel.elf.dir/fs/vfs/inode.c.o
[ 39%] Building C object kernel/CMakeFiles/kernel.elf.dir/fs/vfs/path.c.o
[ 40%] Building C object kernel/CMakeFiles/kernel.elf.dir/fs/vfs/superblock.c.o
[ 42%] Building C object kernel/CMakeFiles/kernel.elf.dir/fs/vfs/vfs.c.o
[ 43%] Building C object kernel/CMakeFiles/kernel.elf.dir/fs/vfs/vfsmount.c.o
[ 44%] Building C object kernel/CMakeFiles/kernel.elf.dir/kernel.c.o
[ 44%] Building C object kernel/CMakeFiles/kernel.elf.dir/mm/init_mm.c.o
[ 45%] Building C object kernel/CMakeFiles/kernel.elf.dir/mm/kmalloc.c.o
[ 46%] Building C object kernel/CMakeFiles/kernel.elf.dir/mm/mm_struct.c.o
[ 48%] Building C object kernel/CMakeFiles/kernel.elf.dir/mm/mmap.c.o
[ 49%] Building C object kernel/CMakeFiles/kernel.elf.dir/mm/page.c.o
[ 50%] Building C object kernel/CMakeFiles/kernel.elf.dir/mm/pagetable.c.o
[ 51%] Building C object kernel/CMakeFiles/kernel.elf.dir/mm/slab.c.o
[ 53%] Building C object kernel/CMakeFiles/kernel.elf.dir/mm/uaccess.c.o
[ 54%] Building C object kernel/CMakeFiles/kernel.elf.dir/mm/vma.c.o
[ 55%] Building C object kernel/CMakeFiles/kernel.elf.dir/sched/idle_task.c.o
[ 56%] Building C object kernel/CMakeFiles/kernel.elf.dir/sched/pid.c.o
[ 57%] Building C object kernel/CMakeFiles/kernel.elf.dir/sched/process.c.o
[ 59%] Building C object kernel/CMakeFiles/kernel.elf.dir/sched/sched.c.o
[ 60%] Building C object kernel/CMakeFiles/kernel.elf.dir/sched/signal.c.o
[ 61%] Building C object kernel/CMakeFiles/kernel.elf.dir/semaphore.c.o
[ 62%] Building C object kernel/CMakeFiles/kernel.elf.dir/strap/strap.c.o
[ 62%] Building C object kernel/CMakeFiles/kernel.elf.dir/syscall/clone.c.o
[ 63%] Building C object kernel/CMakeFiles/kernel.elf.dir/syscall/exit.c.o
[ 65%] Building C object kernel/CMakeFiles/kernel.elf.dir/syscall/getdents64.c.o
[ 66%] Building C object kernel/CMakeFiles/kernel.elf.dir/syscall/mmap.c.o
[ 67%] Building C object kernel/CMakeFiles/kernel.elf.dir/syscall/mount.c.o
[ 68%] Building C object kernel/CMakeFiles/kernel.elf.dir/syscall/openat.c.o
[ 69%] Building C object kernel/CMakeFiles/kernel.elf.dir/syscall/read.c.o
[ 71%] Building C object kernel/CMakeFiles/kernel.elf.dir/syscall/syscall.c.o
[ 72%] Building C object kernel/CMakeFiles/kernel.elf.dir/syscall/time.c.o
[ 73%] Building C object kernel/CMakeFiles/kernel.elf.dir/syscall/write.c.o
[ 74%] Building C object kernel/CMakeFiles/kernel.elf.dir/time.c.o
[ 75%] Building C object kernel/CMakeFiles/kernel.elf.dir/util/hashtable.c.o
[ 77%] Building C object kernel/CMakeFiles/kernel.elf.dir/util/misc.c.o
[ 78%] Building C object kernel/CMakeFiles/kernel.elf.dir/util/print.c.o
[ 79%] Building C object kernel/CMakeFiles/kernel.elf.dir/util/qstr.c.o
[ 79%] Building C object kernel/CMakeFiles/kernel.elf.dir/util/radix_tree.c.o
[ 80%] Building C object kernel/CMakeFiles/kernel.elf.dir/util/string.c.o
[ 81%] Building C object kernel/CMakeFiles/kernel.elf.dir/util/vprint.c.o
[ 83%] Building ASM object kernel/CMakeFiles/kernel.elf.dir/arch/riscv/boot/entry.S.o
[ 84%] Building ASM object kernel/CMakeFiles/kernel.elf.dir/arch/riscv/strap_vector.S.o
[ 85%] Linking C executable ../bin/kernel.elf
GNU ld (GNU Binutils) 2.43.1
  Supported emulations:
   elf64lriscv
   elf32lriscv
   elf64briscv
   elf32briscv
opened script file /root/workspace/oscomp-reb/kernel/kernel.lds
using external linker script: /root/workspace/oscomp-reb/kernel/kernel.lds
==================================================
/* See LICENSE for license details. */

OUTPUT_ARCH( "riscv" )

ENTRY( _entry )

SECTIONS
{

  /*--------------------------------------------------------------------*/
  /* Code and read-only segment                                         */
  /*--------------------------------------------------------------------*/

  /* Begining of code and text segment, starts from DRAM_BASE to be effective before enabling paging */
  . = 0x80200000;
    /* 将.text.init节放在最前面，这通常包含启动代码 */
	_ftext = .;
	/* 首先放置入口点段 */
  .text.entry : {
    *(.text.entry)
  }

  
  /* text: Program code section */
  .text : 
  {
		. = ALIGN(4); /* 4 字节对齐 */
    *(.text)
    *(.text.*)
    *(.gnu.linkonce.t.*)
    . = ALIGN(0x1000);

    _trap_sec_start = .;
    *(trapsec)
    . = ALIGN(0x1000);
  /*   ASSERT(. - _trap_sec_start == 0x1000, "error: trap section larger than one page");   */
  }

  /* rodata: Read-only data */
  .rodata : 
  {
    *(.rdata)
    *(.rodata)
    *(.rodata.*)
    *(.gnu.linkonce.r.*)
  }

  /* End of code and read-only segment */
  . = ALIGN(0x1000);
  _etext = .;

  /*--------------------------------------------------------------------*/
  /* HTIF, isolated onto separate page                                  */
  /*--------------------------------------------------------------------*/
  .htif :
  {
    PROVIDE( __htif_base = . );
    *(.htif)
  }
  . = ALIGN(0x1000);

  /*--------------------------------------------------------------------*/
  /* Initialized data segment                                           */
  /*--------------------------------------------------------------------*/

  /* Start of initialized data segment */
  . = ALIGN(16);
   _fdata = .;

  /* data: Writable data */
  .data : 
  {
    *(.data)
    *(.data.*)
    *(.srodata*)
    *(.gnu.linkonce.d.*)
    *(.comment)
  }

  /* End of initialized data segment */
  . = ALIGN(16);
  _edata = .;

  /*--------------------------------------------------------------------*/
  /* Uninitialized data segment                                         */
  /*--------------------------------------------------------------------*/

  /* Start of uninitialized data segment */
  . = .;
  _fbss = .;

  /* sbss: Uninitialized writeable small data section */
  . = .;

  /* bss: Uninitialized writeable data section */
  . = .;
  _bss_start = .;
  .bss : 
  {
    *(.bss)
    *(.bss.*)
    *(.sbss*)
    *(.gnu.linkonce.b.*)
    *(COMMON)
  }

  . = ALIGN(0x1000);
  _end = .;
}
==================================================
/usr/local/lib/gcc/riscv64-unknown-elf/14.2.0/../../../../riscv64-unknown-elf/bin/ld: mode elf64lriscv
attempt to open /usr/local/lib/gcc/riscv64-unknown-elf/14.2.0/libgcc.so failed
attempt to open /usr/local/lib/gcc/riscv64-unknown-elf/14.2.0/libgcc.a succeeded
/usr/local/lib/gcc/riscv64-unknown-elf/14.2.0/libgcc.a
attempt to open CMakeFiles/kernel.elf.dir/arch/riscv/dtb.c.o succeeded
CMakeFiles/kernel.elf.dir/arch/riscv/dtb.c.o
attempt to open CMakeFiles/kernel.elf.dir/device/block_device.c.o succeeded
CMakeFiles/kernel.elf.dir/device/block_device.c.o
attempt to open CMakeFiles/kernel.elf.dir/device/buffer_head.c.o succeeded
CMakeFiles/kernel.elf.dir/device/buffer_head.c.o
attempt to open CMakeFiles/kernel.elf.dir/device/dev_interface.c.o succeeded
CMakeFiles/kernel.elf.dir/device/dev_interface.c.o
attempt to open CMakeFiles/kernel.elf.dir/device/device.c.o succeeded
CMakeFiles/kernel.elf.dir/device/device.c.o
attempt to open CMakeFiles/kernel.elf.dir/device/ramdisk.c.o succeeded
CMakeFiles/kernel.elf.dir/device/ramdisk.c.o
attempt to open CMakeFiles/kernel.elf.dir/drivers/console.c.o succeeded
CMakeFiles/kernel.elf.dir/drivers/console.c.o
attempt to open CMakeFiles/kernel.elf.dir/drivers/fdt.c.o succeeded
CMakeFiles/kernel.elf.dir/drivers/fdt.c.o
attempt to open CMakeFiles/kernel.elf.dir/elf/elf.c.o succeeded
CMakeFiles/kernel.elf.dir/elf/elf.c.o
attempt to open CMakeFiles/kernel.elf.dir/fs/ext4/ext4_blockdev.c.o succeeded
CMakeFiles/kernel.elf.dir/fs/ext4/ext4_blockdev.c.o
attempt to open CMakeFiles/kernel.elf.dir/fs/ext4/ext4_file.c.o succeeded
CMakeFiles/kernel.elf.dir/fs/ext4/ext4_file.c.o
attempt to open CMakeFiles/kernel.elf.dir/fs/ext4/ext4_fs.c.o succeeded
CMakeFiles/kernel.elf.dir/fs/ext4/ext4_fs.c.o
attempt to open CMakeFiles/kernel.elf.dir/fs/ext4/ext4_helper.c.o succeeded
CMakeFiles/kernel.elf.dir/fs/ext4/ext4_helper.c.o
attempt to open CMakeFiles/kernel.elf.dir/fs/ext4/ext4_inode.c.o succeeded
CMakeFiles/kernel.elf.dir/fs/ext4/ext4_inode.c.o
attempt to open CMakeFiles/kernel.elf.dir/fs/ext4/ext4_superblock.c.o succeeded
CMakeFiles/kernel.elf.dir/fs/ext4/ext4_superblock.c.o
attempt to open CMakeFiles/kernel.elf.dir/fs/ramfs.c.o succeeded
CMakeFiles/kernel.elf.dir/fs/ramfs.c.o
attempt to open CMakeFiles/kernel.elf.dir/fs/vfs/address_space.c.o succeeded
CMakeFiles/kernel.elf.dir/fs/vfs/address_space.c.o
attempt to open CMakeFiles/kernel.elf.dir/fs/vfs/dentry.c.o succeeded
CMakeFiles/kernel.elf.dir/fs/vfs/dentry.c.o
attempt to open CMakeFiles/kernel.elf.dir/fs/vfs/fdtable.c.o succeeded
CMakeFiles/kernel.elf.dir/fs/vfs/fdtable.c.o
attempt to open CMakeFiles/kernel.elf.dir/fs/vfs/file.c.o succeeded
CMakeFiles/kernel.elf.dir/fs/vfs/file.c.o
attempt to open CMakeFiles/kernel.elf.dir/fs/vfs/fs_struct.c.o succeeded
CMakeFiles/kernel.elf.dir/fs/vfs/fs_struct.c.o
attempt to open CMakeFiles/kernel.elf.dir/fs/vfs/fstype.c.o succeeded
CMakeFiles/kernel.elf.dir/fs/vfs/fstype.c.o
attempt to open CMakeFiles/kernel.elf.dir/fs/vfs/icache.c.o succeeded
CMakeFiles/kernel.elf.dir/fs/vfs/icache.c.o
attempt to open CMakeFiles/kernel.elf.dir/fs/vfs/inode.c.o succeeded
CMakeFiles/kernel.elf.dir/fs/vfs/inode.c.o
attempt to open CMakeFiles/kernel.elf.dir/fs/vfs/path.c.o succeeded
CMakeFiles/kernel.elf.dir/fs/vfs/path.c.o
attempt to open CMakeFiles/kernel.elf.dir/fs/vfs/superblock.c.o succeeded
CMakeFiles/kernel.elf.dir/fs/vfs/superblock.c.o
attempt to open CMakeFiles/kernel.elf.dir/fs/vfs/vfs.c.o succeeded
CMakeFiles/kernel.elf.dir/fs/vfs/vfs.c.o
attempt to open CMakeFiles/kernel.elf.dir/fs/vfs/vfsmount.c.o succeeded
CMakeFiles/kernel.elf.dir/fs/vfs/vfsmount.c.o
attempt to open CMakeFiles/kernel.elf.dir/kernel.c.o succeeded
CMakeFiles/kernel.elf.dir/kernel.c.o
attempt to open CMakeFiles/kernel.elf.dir/mm/init_mm.c.o succeeded
CMakeFiles/kernel.elf.dir/mm/init_mm.c.o
attempt to open CMakeFiles/kernel.elf.dir/mm/kmalloc.c.o succeeded
CMakeFiles/kernel.elf.dir/mm/kmalloc.c.o
attempt to open CMakeFiles/kernel.elf.dir/mm/mm_struct.c.o succeeded
CMakeFiles/kernel.elf.dir/mm/mm_struct.c.o
attempt to open CMakeFiles/kernel.elf.dir/mm/mmap.c.o succeeded
CMakeFiles/kernel.elf.dir/mm/mmap.c.o
attempt to open CMakeFiles/kernel.elf.dir/mm/page.c.o succeeded
CMakeFiles/kernel.elf.dir/mm/page.c.o
attempt to open CMakeFiles/kernel.elf.dir/mm/pagetable.c.o succeeded
CMakeFiles/kernel.elf.dir/mm/pagetable.c.o
attempt to open CMakeFiles/kernel.elf.dir/mm/slab.c.o succeeded
CMakeFiles/kernel.elf.dir/mm/slab.c.o
attempt to open CMakeFiles/kernel.elf.dir/mm/uaccess.c.o succeeded
CMakeFiles/kernel.elf.dir/mm/uaccess.c.o
attempt to open CMakeFiles/kernel.elf.dir/mm/vma.c.o succeeded
CMakeFiles/kernel.elf.dir/mm/vma.c.o
attempt to open CMakeFiles/kernel.elf.dir/sched/idle_task.c.o succeeded
CMakeFiles/kernel.elf.dir/sched/idle_task.c.o
attempt to open CMakeFiles/kernel.elf.dir/sched/pid.c.o succeeded
CMakeFiles/kernel.elf.dir/sched/pid.c.o
attempt to open CMakeFiles/kernel.elf.dir/sched/process.c.o succeeded
CMakeFiles/kernel.elf.dir/sched/process.c.o
attempt to open CMakeFiles/kernel.elf.dir/sched/sched.c.o succeeded
CMakeFiles/kernel.elf.dir/sched/sched.c.o
attempt to open CMakeFiles/kernel.elf.dir/sched/signal.c.o succeeded
CMakeFiles/kernel.elf.dir/sched/signal.c.o
attempt to open CMakeFiles/kernel.elf.dir/semaphore.c.o succeeded
CMakeFiles/kernel.elf.dir/semaphore.c.o
attempt to open CMakeFiles/kernel.elf.dir/strap/strap.c.o succeeded
CMakeFiles/kernel.elf.dir/strap/strap.c.o
attempt to open CMakeFiles/kernel.elf.dir/syscall/clone.c.o succeeded
CMakeFiles/kernel.elf.dir/syscall/clone.c.o
attempt to open CMakeFiles/kernel.elf.dir/syscall/exit.c.o succeeded
CMakeFiles/kernel.elf.dir/syscall/exit.c.o
attempt to open CMakeFiles/kernel.elf.dir/syscall/getdents64.c.o succeeded
CMakeFiles/kernel.elf.dir/syscall/getdents64.c.o
attempt to open CMakeFiles/kernel.elf.dir/syscall/mmap.c.o succeeded
CMakeFiles/kernel.elf.dir/syscall/mmap.c.o
attempt to open CMakeFiles/kernel.elf.dir/syscall/mount.c.o succeeded
CMakeFiles/kernel.elf.dir/syscall/mount.c.o
attempt to open CMakeFiles/kernel.elf.dir/syscall/openat.c.o succeeded
CMakeFiles/kernel.elf.dir/syscall/openat.c.o
attempt to open CMakeFiles/kernel.elf.dir/syscall/read.c.o succeeded
CMakeFiles/kernel.elf.dir/syscall/read.c.o
attempt to open CMakeFiles/kernel.elf.dir/syscall/syscall.c.o succeeded
CMakeFiles/kernel.elf.dir/syscall/syscall.c.o
attempt to open CMakeFiles/kernel.elf.dir/syscall/time.c.o succeeded
CMakeFiles/kernel.elf.dir/syscall/time.c.o
attempt to open CMakeFiles/kernel.elf.dir/syscall/write.c.o succeeded
CMakeFiles/kernel.elf.dir/syscall/write.c.o
attempt to open CMakeFiles/kernel.elf.dir/time.c.o succeeded
CMakeFiles/kernel.elf.dir/time.c.o
attempt to open CMakeFiles/kernel.elf.dir/util/hashtable.c.o succeeded
CMakeFiles/kernel.elf.dir/util/hashtable.c.o
attempt to open CMakeFiles/kernel.elf.dir/util/misc.c.o succeeded
CMakeFiles/kernel.elf.dir/util/misc.c.o
attempt to open CMakeFiles/kernel.elf.dir/util/print.c.o succeeded
CMakeFiles/kernel.elf.dir/util/print.c.o
attempt to open CMakeFiles/kernel.elf.dir/util/qstr.c.o succeeded
CMakeFiles/kernel.elf.dir/util/qstr.c.o
attempt to open CMakeFiles/kernel.elf.dir/util/radix_tree.c.o succeeded
CMakeFiles/kernel.elf.dir/util/radix_tree.c.o
attempt to open CMakeFiles/kernel.elf.dir/util/string.c.o succeeded
CMakeFiles/kernel.elf.dir/util/string.c.o
attempt to open CMakeFiles/kernel.elf.dir/util/vprint.c.o succeeded
CMakeFiles/kernel.elf.dir/util/vprint.c.o
attempt to open CMakeFiles/kernel.elf.dir/arch/riscv/boot/entry.S.o succeeded
CMakeFiles/kernel.elf.dir/arch/riscv/boot/entry.S.o
attempt to open CMakeFiles/kernel.elf.dir/arch/riscv/strap_vector.S.o succeeded
CMakeFiles/kernel.elf.dir/arch/riscv/strap_vector.S.o
attempt to open ../lib/liblwext4.a succeeded
../lib/liblwext4.a
(../lib/liblwext4.a)ext4.c.o
(../lib/liblwext4.a)ext4_bcache.c.o
(../lib/liblwext4.a)ext4_blockdev.c.o
(../lib/liblwext4.a)ext4_dir.c.o
(../lib/liblwext4.a)ext4_dir_idx.c.o
(../lib/liblwext4.a)ext4_fs.c.o
(../lib/liblwext4.a)ext4_hash.c.o
(../lib/liblwext4.a)ext4_ialloc.c.o
(../lib/liblwext4.a)ext4_inode.c.o
(../lib/liblwext4.a)ext4_journal.c.o
(../lib/liblwext4.a)ext4_super.c.o
(../lib/liblwext4.a)ext4_trans.c.o
(../lib/liblwext4.a)ext4_xattr.c.o
(../lib/liblwext4.a)ext4_balloc.c.o
(../lib/liblwext4.a)ext4_bitmap.c.o
(../lib/liblwext4.a)ext4_block_group.c.o
(../lib/liblwext4.a)ext4_crc32.c.o
(../lib/liblwext4.a)ext4_extent.c.o
attempt to open ../lib/libc.a succeeded
../lib/libc.a
(../lib/libc.a)printf.lo
(../lib/libc.a)stdout.lo
(../lib/libc.a)vfprintf.lo
(../lib/libc.a)strnlen.lo
(../lib/libc.a)__errno_location.lo
(../lib/libc.a)strerror.lo
(../lib/libc.a)__lctrans.lo
(../lib/libc.a)__fpclassifyl.lo
(../lib/libc.a)__signbitl.lo
(../lib/libc.a)frexpl.lo
(../lib/libc.a)scalbn.lo
(../lib/libc.a)wctomb.lo
(../lib/libc.a)__lockfile.lo
(../lib/libc.a)__stdio_close.lo
(../lib/libc.a)__stdio_seek.lo
(../lib/libc.a)__stdout_write.lo
(../lib/libc.a)__towrite.lo
(../lib/libc.a)fwrite.lo
(../lib/libc.a)memchr.lo
(../lib/libc.a)lseek.lo
(../lib/libc.a)syscall_ret.lo
(../lib/libc.a)wcrtomb.lo
(../lib/libc.a)__stdio_exit.lo
(../lib/libc.a)__stdio_write.lo
(../lib/libc.a)ofl.lo
(../lib/libc.a)__lock.lo
(../lib/libc.a)libc.lo
attempt to open /usr/local/lib/gcc/riscv64-unknown-elf/14.2.0/libgcc.so failed
attempt to open /usr/local/lib/gcc/riscv64-unknown-elf/14.2.0/libgcc.a succeeded
/usr/local/lib/gcc/riscv64-unknown-elf/14.2.0/libgcc.a
(/usr/local/lib/gcc/riscv64-unknown-elf/14.2.0/libgcc.a)addtf3.o
(/usr/local/lib/gcc/riscv64-unknown-elf/14.2.0/libgcc.a)eqtf2.o
(/usr/local/lib/gcc/riscv64-unknown-elf/14.2.0/libgcc.a)multf3.o
(/usr/local/lib/gcc/riscv64-unknown-elf/14.2.0/libgcc.a)subtf3.o
(/usr/local/lib/gcc/riscv64-unknown-elf/14.2.0/libgcc.a)fixtfsi.o
(/usr/local/lib/gcc/riscv64-unknown-elf/14.2.0/libgcc.a)fixunstfsi.o
(/usr/local/lib/gcc/riscv64-unknown-elf/14.2.0/libgcc.a)floatsitf.o
(/usr/local/lib/gcc/riscv64-unknown-elf/14.2.0/libgcc.a)floatunsitf.o
(/usr/local/lib/gcc/riscv64-unknown-elf/14.2.0/libgcc.a)extenddftf2.o
(/usr/local/lib/gcc/riscv64-unknown-elf/14.2.0/libgcc.a)_clzsi2.o
(/usr/local/lib/gcc/riscv64-unknown-elf/14.2.0/libgcc.a)_clz.o
attempt to open /usr/local/lib/gcc/riscv64-unknown-elf/14.2.0/libc.so failed
attempt to open /usr/local/lib/gcc/riscv64-unknown-elf/14.2.0/libc.a failed
attempt to open /usr/local/lib/gcc/riscv64-unknown-elf/14.2.0/../../../../riscv64-unknown-elf/lib/libc.so failed
attempt to open /usr/local/lib/gcc/riscv64-unknown-elf/14.2.0/../../../../riscv64-unknown-elf/lib/libc.a succeeded
/usr/local/lib/gcc/riscv64-unknown-elf/14.2.0/../../../../riscv64-unknown-elf/lib/libc.a
attempt to open /usr/local/lib/gcc/riscv64-unknown-elf/14.2.0/libgloss.so failed
attempt to open /usr/local/lib/gcc/riscv64-unknown-elf/14.2.0/libgloss.a failed
attempt to open /usr/local/lib/gcc/riscv64-unknown-elf/14.2.0/../../../../riscv64-unknown-elf/lib/libgloss.so failed
attempt to open /usr/local/lib/gcc/riscv64-unknown-elf/14.2.0/../../../../riscv64-unknown-elf/lib/libgloss.a succeeded
/usr/local/lib/gcc/riscv64-unknown-elf/14.2.0/../../../../riscv64-unknown-elf/lib/libgloss.a
attempt to open /usr/local/lib/gcc/riscv64-unknown-elf/14.2.0/libgcc.so failed
attempt to open /usr/local/lib/gcc/riscv64-unknown-elf/14.2.0/libgcc.a succeeded
/usr/local/lib/gcc/riscv64-unknown-elf/14.2.0/libgcc.a
make[3]: Leaving directory '/root/workspace/oscomp-reb/build'
make[2]: Leaving directory '/root/workspace/oscomp-reb/build'
make[1]: Leaving directory '/root/workspace/oscomp-reb/build'
